<?xml version="1.0" encoding="UTF-8"?>
<coverage generated="1575930273657" clover="3.2.0">
  <project timestamp="1575930273657" name="All files">
    <metrics statements="24" coveredstatements="20" conditionals="14" coveredconditionals="7" methods="4" coveredmethods="4" elements="42" coveredelements="31" complexity="0" loc="24" ncloc="24" packages="2" files="3" classes="3"/>
    <package name="lib">
      <metrics statements="15" coveredstatements="11" conditionals="14" coveredconditionals="7" methods="2" coveredmethods="2"/>
      <file name="app.js" path="C:\Users\Dan\Documents\alchemy\career-track\labs\lab-06-http-with-net\lib\app.js">
        <metrics statements="15" coveredstatements="11" conditionals="14" coveredconditionals="7" methods="2" coveredmethods="2"/>
        <line num="1" count="1" type="stmt"/>
        <line num="2" count="1" type="stmt"/>
        <line num="3" count="1" type="stmt"/>
        <line num="5" count="1" type="stmt"/>
        <line num="6" count="2" type="stmt"/>
        <line num="7" count="2" type="stmt"/>
        <line num="8" count="2" type="cond" truecount="4" falsecount="0"/>
        <line num="9" count="1" type="stmt"/>
        <line num="11" count="1" type="cond" truecount="3" falsecount="1"/>
        <line num="12" count="1" type="stmt"/>
        <line num="14" count="0" type="cond" truecount="0" falsecount="2"/>
        <line num="17" count="0" type="cond" truecount="0" falsecount="2"/>
        <line num="20" count="0" type="cond" truecount="0" falsecount="2"/>
        <line num="24" count="0" type="stmt"/>
        <line num="28" count="1" type="stmt"/>
      </file>
    </package>
    <package name="lib.utils">
      <metrics statements="9" coveredstatements="9" conditionals="0" coveredconditionals="0" methods="2" coveredmethods="2"/>
      <file name="createResponse.js" path="C:\Users\Dan\Documents\alchemy\career-track\labs\lab-06-http-with-net\lib\utils\createResponse.js">
        <metrics statements="2" coveredstatements="2" conditionals="0" coveredconditionals="0" methods="1" coveredmethods="1"/>
        <line num="1" count="2" type="stmt"/>
        <line num="2" count="3" type="stmt"/>
      </file>
      <file name="parseRequest.js" path="C:\Users\Dan\Documents\alchemy\career-track\labs\lab-06-http-with-net\lib\utils\parseRequest.js">
        <metrics statements="7" coveredstatements="7" conditionals="0" coveredconditionals="0" methods="1" coveredmethods="1"/>
        <line num="1" count="2" type="stmt"/>
        <line num="2" count="4" type="stmt"/>
        <line num="4" count="4" type="stmt"/>
        <line num="6" count="4" type="stmt"/>
        <line num="8" count="4" type="stmt"/>
        <line num="10" count="4" type="stmt"/>
        <line num="12" count="4" type="stmt"/>
      </file>
    </package>
  </project>
</coverage>
