{"C:\\Users\\Dan\\Documents\\alchemy\\career-track\\labs\\lab-06-http-with-net\\lib\\app.js": {"path":"C:\\Users\\Dan\\Documents\\alchemy\\career-track\\labs\\lab-06-http-with-net\\lib\\app.js","statementMap":{"0":{"start":{"line":1,"column":12},"end":{"line":1,"column":26}},"1":{"start":{"line":2,"column":21},"end":{"line":2,"column":52}},"2":{"start":{"line":3,"column":23},"end":{"line":3,"column":56}},"3":{"start":{"line":5,"column":12},"end":{"line":26,"column":2}},"4":{"start":{"line":6,"column":2},"end":{"line":25,"column":5}},"5":{"start":{"line":7,"column":20},"end":{"line":7,"column":49}},"6":{"start":{"line":8,"column":4},"end":{"line":10,"column":5}},"7":{"start":{"line":9,"column":6},"end":{"line":9,"column":98}},"8":{"start":{"line":11,"column":4},"end":{"line":13,"column":5}},"9":{"start":{"line":12,"column":6},"end":{"line":12,"column":106}},"10":{"start":{"line":14,"column":4},"end":{"line":16,"column":5}},"11":{"start":{"line":15,"column":6},"end":{"line":15,"column":123}},"12":{"start":{"line":17,"column":4},"end":{"line":19,"column":5}},"13":{"start":{"line":18,"column":6},"end":{"line":18,"column":127}},"14":{"start":{"line":20,"column":4},"end":{"line":22,"column":5}},"15":{"start":{"line":21,"column":6},"end":{"line":21,"column":125}},"16":{"start":{"line":24,"column":4},"end":{"line":24,"column":106}},"17":{"start":{"line":28,"column":0},"end":{"line":28,"column":21}}},"fnMap":{"0":{"name":"(anonymous_0)","decl":{"start":{"line":5,"column":29},"end":{"line":5,"column":30}},"loc":{"start":{"line":5,"column":39},"end":{"line":26,"column":1}},"line":5},"1":{"name":"(anonymous_1)","decl":{"start":{"line":6,"column":20},"end":{"line":6,"column":21}},"loc":{"start":{"line":6,"column":28},"end":{"line":25,"column":3}},"line":6}},"branchMap":{"0":{"loc":{"start":{"line":8,"column":4},"end":{"line":10,"column":5}},"type":"if","locations":[{"start":{"line":8,"column":4},"end":{"line":10,"column":5}},{"start":{"line":8,"column":4},"end":{"line":10,"column":5}}],"line":8},"1":{"loc":{"start":{"line":8,"column":7},"end":{"line":8,"column":55}},"type":"binary-expr","locations":[{"start":{"line":8,"column":7},"end":{"line":8,"column":27}},{"start":{"line":8,"column":31},"end":{"line":8,"column":55}}],"line":8},"2":{"loc":{"start":{"line":11,"column":4},"end":{"line":13,"column":5}},"type":"if","locations":[{"start":{"line":11,"column":4},"end":{"line":13,"column":5}},{"start":{"line":11,"column":4},"end":{"line":13,"column":5}}],"line":11},"3":{"loc":{"start":{"line":11,"column":7},"end":{"line":11,"column":60}},"type":"binary-expr","locations":[{"start":{"line":11,"column":7},"end":{"line":11,"column":31}},{"start":{"line":11,"column":35},"end":{"line":11,"column":60}}],"line":11},"4":{"loc":{"start":{"line":14,"column":4},"end":{"line":16,"column":5}},"type":"if","locations":[{"start":{"line":14,"column":4},"end":{"line":16,"column":5}},{"start":{"line":14,"column":4},"end":{"line":16,"column":5}}],"line":14},"5":{"loc":{"start":{"line":14,"column":7},"end":{"line":14,"column":58}},"type":"binary-expr","locations":[{"start":{"line":14,"column":7},"end":{"line":14,"column":30}},{"start":{"line":14,"column":34},"end":{"line":14,"column":58}}],"line":14},"6":{"loc":{"start":{"line":17,"column":4},"end":{"line":19,"column":5}},"type":"if","locations":[{"start":{"line":17,"column":4},"end":{"line":19,"column":5}},{"start":{"line":17,"column":4},"end":{"line":19,"column":5}}],"line":17},"7":{"loc":{"start":{"line":17,"column":7},"end":{"line":17,"column":60}},"type":"binary-expr","locations":[{"start":{"line":17,"column":7},"end":{"line":17,"column":32}},{"start":{"line":17,"column":36},"end":{"line":17,"column":60}}],"line":17},"8":{"loc":{"start":{"line":20,"column":4},"end":{"line":22,"column":5}},"type":"if","locations":[{"start":{"line":20,"column":4},"end":{"line":22,"column":5}},{"start":{"line":20,"column":4},"end":{"line":22,"column":5}}],"line":20}},"s":{"0":1,"1":1,"2":1,"3":1,"4":5,"5":5,"6":5,"7":1,"8":4,"9":1,"10":3,"11":1,"12":2,"13":1,"14":1,"15":1,"16":0,"17":1},"f":{"0":5,"1":5},"b":{"0":[1,4],"1":[5,1],"2":[1,3],"3":[4,1],"4":[1,2],"5":[3,1],"6":[1,1],"7":[2,1],"8":[1,0]},"_coverageSchema":"43e27e138ebf9cfc5966b082cf9a028302ed4184","hash":"4af43ed7939e04f886d565e329f57566a23eefab"}
,"C:\\Users\\Dan\\Documents\\alchemy\\career-track\\labs\\lab-06-http-with-net\\lib\\utils\\createResponse.js": {"path":"C:\\Users\\Dan\\Documents\\alchemy\\career-track\\labs\\lab-06-http-with-net\\lib\\utils\\createResponse.js","statementMap":{"0":{"start":{"line":1,"column":0},"end":{"line":8,"column":2}},"1":{"start":{"line":2,"column":2},"end":{"line":7,"column":24}}},"fnMap":{"0":{"name":"(anonymous_0)","decl":{"start":{"line":1,"column":17},"end":{"line":1,"column":18}},"loc":{"start":{"line":1,"column":35},"end":{"line":8,"column":1}},"line":1}},"branchMap":{},"s":{"0":2,"1":6},"f":{"0":6},"b":{},"_coverageSchema":"43e27e138ebf9cfc5966b082cf9a028302ed4184","hash":"2219d5a0cf44d5a4971e7217de8c157486827cf8"}
,"C:\\Users\\Dan\\Documents\\alchemy\\career-track\\labs\\lab-06-http-with-net\\lib\\utils\\parseRequest.js": {"path":"C:\\Users\\Dan\\Documents\\alchemy\\career-track\\labs\\lab-06-http-with-net\\lib\\utils\\parseRequest.js","statementMap":{"0":{"start":{"line":1,"column":0},"end":{"line":13,"column":2}},"1":{"start":{"line":2,"column":16},"end":{"line":2,"column":49}},"2":{"start":{"line":4,"column":22},"end":{"line":4,"column":51}},"3":{"start":{"line":6,"column":15},"end":{"line":6,"column":31}},"4":{"start":{"line":8,"column":13},"end":{"line":8,"column":29}},"5":{"start":{"line":10,"column":15},"end":{"line":10,"column":46}},"6":{"start":{"line":12,"column":2},"end":{"line":12,"column":32}}},"fnMap":{"0":{"name":"(anonymous_0)","decl":{"start":{"line":1,"column":17},"end":{"line":1,"column":18}},"loc":{"start":{"line":1,"column":31},"end":{"line":13,"column":1}},"line":1}},"branchMap":{},"s":{"0":2,"1":7,"2":7,"3":7,"4":7,"5":7,"6":7},"f":{"0":7},"b":{},"_coverageSchema":"43e27e138ebf9cfc5966b082cf9a028302ed4184","hash":"84aa646490f6d3a223881d27648400ff8937fd8a"}
}
