TN:
SF:C:\Users\Dan\Documents\alchemy\career-track\labs\lab-06-http-with-net\lib\app.js
FN:5,(anonymous_0)
FN:6,(anonymous_1)
FNF:2
FNH:2
FNDA:5,(anonymous_0)
FNDA:5,(anonymous_1)
DA:1,1
DA:2,1
DA:3,1
DA:5,1
DA:6,5
DA:7,5
DA:8,5
DA:9,1
DA:11,4
DA:12,1
DA:14,3
DA:15,1
DA:17,2
DA:18,1
DA:20,1
DA:21,1
DA:24,0
DA:28,1
LF:18
LH:17
BRDA:8,0,0,1
BRDA:8,0,1,4
BRDA:8,1,0,5
BRDA:8,1,1,1
BRDA:11,2,0,1
BRDA:11,2,1,3
BRDA:11,3,0,4
BRDA:11,3,1,1
BRDA:14,4,0,1
BRDA:14,4,1,2
BRDA:14,5,0,3
BRDA:14,5,1,1
BRDA:17,6,0,1
BRDA:17,6,1,1
BRDA:17,7,0,2
BRDA:17,7,1,1
BRDA:20,8,0,1
BRDA:20,8,1,0
BRF:18
BRH:17
end_of_record
TN:
SF:C:\Users\Dan\Documents\alchemy\career-track\labs\lab-06-http-with-net\lib\utils\createResponse.js
FN:1,(anonymous_0)
FNF:1
FNH:1
FNDA:6,(anonymous_0)
DA:1,2
DA:2,6
LF:2
LH:2
BRF:0
BRH:0
end_of_record
TN:
SF:C:\Users\Dan\Documents\alchemy\career-track\labs\lab-06-http-with-net\lib\utils\parseRequest.js
FN:1,(anonymous_0)
FNF:1
FNH:1
FNDA:7,(anonymous_0)
DA:1,2
DA:2,7
DA:4,7
DA:6,7
DA:8,7
DA:10,7
DA:12,7
LF:7
LH:7
BRF:0
BRH:0
end_of_record
